[08:36:12][INFO] Lancement du serveur ...
[08:36:12][INFO] Serveur lancé
[08:37:00][INFO] Connexion ouverte sur ('192.168.1.30', 59666)
[08:37:00][DEBUG] <-- Données reçues : {'action': 'request_id', 'username': 'Choupinou'}
[08:37:00][INFO] Choupinou a rejoint la partie
[08:37:00][DEBUG] --> Envoi : {'action': 'request_id', 'id': '99a80c8e-a1a8-46d2-a5ef-b96dc6e69443'}
[08:37:28][DEBUG] <-- Données reçues : {'action': 'chat', 'user': '99a80c8e-a1a8-46d2-a5ef-b96dc6e69443', 'msg': 'yhihj'}
[08:37:28][DEBUG] --> Envoi : {'action': 'chat', 'user': 'Choupinou', 'msg': 'yhihj'}
[08:38:24][INFO] Connexion fermée avec ('192.168.1.30', 59666)
[17:39:04][INFO] Lancement du serveur ...
[17:39:04][INFO] Serveur lancé
[17:39:29][INFO] Connexion ouverte sur ('127.0.0.1', 45862)
[17:39:29][DEBUG] <-- Données reçues : {'action': 'request_id', 'username': 'Rutabaga'}
[17:39:29][INFO] Rutabaga a rejoint la partie
[17:39:29][DEBUG] --> Envoi : {'action': 'request_id', 'id': '9f173420-57ee-4341-bb38-afb76788648f'}
[17:40:14][DEBUG] <-- Données reçues : {'action': 'chat', 'user': '9f173420-57ee-4341-bb38-afb76788648f', 'msg': 'Hello'}
[17:40:14][DEBUG] --> Envoi : {'action': 'chat', 'user': 'Rutabaga', 'msg': 'Hello'}
[17:41:55][DEBUG] <-- Données reçues : {'action': 'chat', 'user': '9f173420-57ee-4341-bb38-afb76788648f', 'msg': 'Wesh'}
[17:41:55][DEBUG] --> Envoi : {'action': 'chat', 'user': 'Rutabaga', 'msg': 'Wesh'}
[17:42:20][DEBUG] <-- Données reçues : {'action': 'chat', 'user': '9f173420-57ee-4341-bb38-afb76788648f', 'msg': 'Hello'}
[17:42:20][DEBUG] --> Envoi : {'action': 'chat', 'user': 'Rutabaga', 'msg': 'Hello'}
[17:42:31][INFO] Connexion fermée avec ('127.0.0.1', 45862)
[10:14:44][INFO] Lancement du serveur ...
[10:14:44][INFO] Serveur lancé
[10:15:50][INFO] Connexion ouverte sur ('127.0.0.1', 55098)
[10:15:50][DEBUG] <-- Données reçues : {'action': 'request_id', 'username': 'Quiche lorraine'}
[10:15:50][INFO] Quiche lorraine a rejoint la partie
[10:15:50][DEBUG] --> Envoi : {'action': 'request_id', 'id': 'fad02702-beb8-4500-ac5c-dbb6a1acffc0'}
[10:16:07][INFO] Connexion fermée avec ('127.0.0.1', 55098)
[10:17:12][INFO] Connexion ouverte sur ('127.0.0.1', 55160)
[10:17:12][DEBUG] <-- Données reçues : {'action': 'request_id', 'username': 'Choupinou'}
[10:17:12][INFO] Choupinou a rejoint la partie
[10:17:12][DEBUG] --> Envoi : {'action': 'request_id', 'id': '7236c419-1e13-4271-a9fb-957aedd40197'}
[10:17:23][INFO] Connexion fermée avec ('127.0.0.1', 55160)
[10:40:19][INFO] Connexion ouverte sur ('127.0.0.1', 55572)
[10:40:19][DEBUG] <-- Données reçues : {'action': 'request_id', 'username': None}
[10:40:19][INFO] Connexion fermée avec ('127.0.0.1', 55572)
[10:41:08][INFO] Lancement du serveur ...
[10:41:08][INFO] Serveur lancé
[10:41:14][INFO] Connexion ouverte sur ('127.0.0.1', 55604)
[10:41:14][DEBUG] <-- Données reçues : {'action': 'request_id', 'username': None}
[10:41:14][INFO] Connexion fermée avec ('127.0.0.1', 55604)
[10:41:47][INFO] Fin du programme serveur
[10:41:49][INFO] Lancement du serveur ...
[10:41:49][INFO] Serveur lancé
[10:41:54][INFO] Connexion ouverte sur ('127.0.0.1', 55612)
[10:41:54][DEBUG] <-- Données reçues : {'action': 'request_id', 'username': 'Baleine sale'}
[10:41:54][INFO] Baleine sale a rejoint la partie
[10:41:54][DEBUG] --> Envoi : {'action': 'request_id', 'id': '5be4e35d-8c79-43d4-9a24-8e69a27d71ab'}
[10:42:01][DEBUG] <-- Données reçues : {'action': 'chat', 'user': '5be4e35d-8c79-43d4-9a24-8e69a27d71ab', 'msg': 'qsd'}
[10:42:01][DEBUG] --> Envoi : {'action': 'chat', 'user': 'Baleine sale', 'msg': 'qsd'}
[10:42:13][INFO] Connexion fermée avec ('127.0.0.1', 55612)
[10:42:14][INFO] Connexion ouverte sur ('127.0.0.1', 55614)
[10:42:14][DEBUG] <-- Données reçues : {'action': 'request_id', 'username': 'Antilope dynamique'}
[10:42:14][INFO] Antilope dynamique a rejoint la partie
[10:42:14][DEBUG] --> Envoi : {'action': 'request_id', 'id': '97610a69-3054-40d6-b295-f7e2c1e0b981'}
[10:42:16][DEBUG] <-- Données reçues : {'action': 'chat', 'user': '97610a69-3054-40d6-b295-f7e2c1e0b981', 'msg': 'sdqd'}
[10:42:16][DEBUG] --> Envoi : {'action': 'chat', 'user': 'Antilope dynamique', 'msg': 'sdqd'}
[10:42:17][INFO] Connexion fermée avec ('127.0.0.1', 55614)
[10:42:19][INFO] Connexion ouverte sur ('127.0.0.1', 55616)
[10:42:19][DEBUG] <-- Données reçues : {'action': 'request_id', 'username': 'Girafe sauvage'}
[10:42:19][INFO] Girafe sauvage a rejoint la partie
[10:42:19][DEBUG] --> Envoi : {'action': 'request_id', 'id': 'd0894c0a-c7b0-4e4a-9678-50affc31f57c'}
[10:42:20][DEBUG] <-- Données reçues : {'action': 'chat', 'user': 'd0894c0a-c7b0-4e4a-9678-50affc31f57c', 'msg': 'qsdqd'}
[10:42:20][DEBUG] --> Envoi : {'action': 'chat', 'user': 'Girafe sauvage', 'msg': 'qsdqd'}
[10:42:22][INFO] Connexion fermée avec ('127.0.0.1', 55616)
[10:42:22][INFO] Connexion ouverte sur ('127.0.0.1', 55618)
[10:42:22][DEBUG] <-- Données reçues : {'action': 'request_id', 'username': 'Requin adorable'}
[10:42:22][INFO] Requin adorable a rejoint la partie
[10:42:22][DEBUG] --> Envoi : {'action': 'request_id', 'id': 'b7065e16-e021-483c-b61d-1f3f279c1c1f'}
[10:42:25][DEBUG] <-- Données reçues : {'action': 'chat', 'user': 'b7065e16-e021-483c-b61d-1f3f279c1c1f', 'msg': 'qsdqsd'}
[10:42:25][DEBUG] --> Envoi : {'action': 'chat', 'user': 'Requin adorable', 'msg': 'qsdqsd'}
[10:42:26][INFO] Connexion fermée avec ('127.0.0.1', 55618)
[10:53:27][INFO] Connexion ouverte sur ('127.0.0.1', 55744)
[10:53:27][DEBUG] <-- Données reçues : {'action': 'request_id', 'username': 'Lynx maladroit'}
[10:53:27][INFO] Lynx maladroit a rejoint la partie
[10:53:27][DEBUG] --> Envoi : {'action': 'request_id', 'id': 'd5534b6b-3835-4e1c-b098-d3eca95c9b3a'}
[10:53:35][INFO] Connexion fermée avec ('127.0.0.1', 55744)
[11:11:58][INFO] Fin du programme serveur
[11:12:00][INFO] Lancement du serveur ...
[11:12:00][INFO] Serveur lancé
[11:12:36][INFO] Connexion ouverte sur ('127.0.0.1', 55874)
[11:12:36][DEBUG] <-- Données reçues : {'action': 'request_id', 'username': 'Chat tendu'}
[11:12:36][INFO] Chat tendu a rejoint la partie
[11:12:36][DEBUG] --> Envoi : {'action': 'request_id', 'id': '3e89feec-3664-43ee-87df-b31ec4230613'}
[11:12:39][DEBUG] <-- Données reçues : {'action': 'chat', 'user': '3e89feec-3664-43ee-87df-b31ec4230613', 'msg': 'qsdsq'}
[11:12:39][DEBUG] --> Envoi : {'action': 'chat', 'user': 'Chat tendu', 'msg': 'qsdsq'}
[11:12:41][INFO] Connexion fermée avec ('127.0.0.1', 55874)
[08:50:20][INFO] Lancement du serveur ...
[08:50:20][INFO] Serveur lancé
[08:50:30][INFO] Connexion ouverte sur ('127.0.0.1', 39406)
[08:50:30][DEBUG] <-- Données reçues : {'action': 'request_id', 'username': 'Araignée timide'}
[08:50:30][INFO] Araignée timide a rejoint la partie
[08:50:30][DEBUG] --> Envoi : {'action': 'request_id', 'id': '012fd297-de36-41c5-a9e5-afaa525b2978'}
[08:50:44][DEBUG] <-- Données reçues : {'action': 'chat', 'user': '012fd297-de36-41c5-a9e5-afaa525b2978', 'msg': "Et c'est en multi"}
[08:50:44][DEBUG] --> Envoi : {'action': 'chat', 'user': 'Araignée timide', 'msg': "Et c'est en multi"}
[08:50:57][INFO] Connexion ouverte sur ('127.0.0.1', 39410)
[08:50:57][DEBUG] <-- Données reçues : {'action': 'request_id', 'username': 'Anaconda accueillant'}
[08:50:57][INFO] Anaconda accueillant a rejoint la partie
[08:50:57][DEBUG] --> Envoi : {'action': 'request_id', 'id': '5f44341b-8114-461b-b8ed-453ba422f67f'}
[08:51:03][DEBUG] <-- Données reçues : {'action': 'chat', 'user': '5f44341b-8114-461b-b8ed-453ba422f67f', 'msg': 'un autre client'}
[08:51:03][DEBUG] --> Envoi : {'action': 'chat', 'user': 'Anaconda accueillant', 'msg': 'un autre client'}
[08:51:09][DEBUG] <-- Données reçues : {'action': 'chat', 'user': '012fd297-de36-41c5-a9e5-afaa525b2978', 'msg': 'bonjour'}
[08:51:09][DEBUG] --> Envoi : {'action': 'chat', 'user': 'Araignée timide', 'msg': 'bonjour'}
[08:54:33][INFO] Connexion fermée avec ('127.0.0.1', 39406)
[08:54:38][INFO] Connexion fermée avec ('127.0.0.1', 39410)
[15:03:26][INFO] Lancement du serveur ...
[15:03:26][INFO] Serveur lancé
[15:03:34][INFO] Fin du programme serveur
[15:04:19][INFO] Lancement du serveur ...
[15:04:19][INFO] Initialization du serveur
[15:04:19][INFO] Serveur lancé
[15:09:23][INFO] Fin du programme serveur
[15:09:24][INFO] Lancement du serveur ...
[15:09:24][INFO] Initialization du serveur
[15:09:24][INFO] Serveur lancé
[15:09:30][INFO] Fin du programme serveur
[15:12:21][INFO] Lancement du serveur ...
[15:12:21][INFO] Initialization du serveur
[15:13:07][INFO] Fin du programme serveur
[15:13:11][INFO] Lancement du serveur ...
[15:13:11][INFO] Initialization du serveur
[15:13:11][INFO] Updating
[15:13:11][INFO] Updating
[15:13:11][INFO] Updating
[15:13:11][INFO] Updating
[15:13:11][INFO] Updating
[15:13:11][INFO] Updating
[15:13:11][INFO] Updating
[15:13:11][INFO] Updating
[15:13:11][INFO] Updating
[15:13:11][INFO] Updating
[15:13:11][INFO] Updating
[15:13:11][INFO] Updating
[15:13:11][INFO] Updating
[15:13:11][INFO] Updating
[15:13:11][INFO] Updating
[15:13:11][INFO] Updating
[15:13:11][INFO] Updating
[15:13:11][INFO] Updating
[15:13:11][INFO] Updating
[15:13:11][INFO] Updating
[15:13:11][INFO] Fini d'itérer
[15:13:11][INFO] Serveur lancé
[15:20:51][INFO] Fin du programme serveur
[15:26:40][INFO] Lancement du serveur ...
[15:26:40][INFO] Initialization du serveur
[15:26:40][INFO] Serveur lancé
[15:26:40][INFO] Updating
[15:26:40][INFO] Updating
[15:26:40][INFO] Updating
[15:26:40][INFO] Updating
[15:26:40][INFO] Updating
[15:26:40][INFO] Updating
[15:26:41][INFO] Updating
[15:26:41][INFO] Updating
[15:26:41][INFO] Updating
[15:26:41][INFO] Updating
[15:26:41][INFO] Updating
[15:26:41][INFO] Updating
[15:26:41][INFO] Updating
[15:26:41][INFO] Updating
[15:26:41][INFO] Updating
[15:26:41][INFO] Updating
[15:26:41][INFO] Updating
[15:26:41][INFO] Updating
[15:26:41][INFO] Updating
[15:26:41][INFO] Updating
[15:26:41][INFO] Fini d'itérer
[15:26:46][INFO] Fermeture du serveur
[15:32:03][INFO] Lancement du serveur ...
[15:32:03][INFO] Serveur lancé
[15:32:03][INFO] Initialization du serveur
[15:32:03][INFO] Updating
[15:32:03][INFO] Updating
[15:32:03][INFO] Updating
[15:32:03][INFO] Updating
[15:32:03][INFO] Updating
[15:32:03][INFO] Updating
[15:32:03][INFO] Updating
[15:32:03][INFO] Updating
[15:32:03][INFO] Updating
[15:32:03][INFO] Updating
[15:32:03][INFO] Updating
[15:32:03][INFO] Updating
[15:32:03][INFO] Updating
[15:32:03][INFO] Updating
[15:32:03][INFO] Updating
[15:32:03][INFO] Updating
[15:32:03][INFO] Updating
[15:32:03][INFO] Updating
[15:32:03][INFO] Updating
[15:32:03][INFO] Updating
[15:32:03][INFO] Updating
[15:32:03][INFO] Updating
[15:32:03][INFO] Updating
[15:32:03][INFO] Updating
[15:32:03][INFO] Updating
[15:32:03][INFO] Updating
[15:32:03][INFO] Updating
[15:32:03][INFO] Updating
[15:32:03][INFO] Updating
[15:32:03][INFO] Updating
[15:32:03][INFO] Updating
[15:32:03][INFO] Updating
[15:32:03][INFO] Updating
[15:32:03][INFO] Updating
[15:32:03][INFO] Updating
[15:32:03][INFO] Updating
[15:32:03][INFO] Updating
[15:32:03][INFO] Updating
[15:32:03][INFO] Updating
[15:32:03][INFO] Updating
[15:32:04][INFO] Updating
[15:32:04][INFO] Updating
[15:32:04][INFO] Updating
[15:32:04][INFO] Updating
[15:32:04][INFO] Updating
[15:32:04][INFO] Updating
[15:32:04][INFO] Updating
[15:32:04][INFO] Updating
[15:32:04][INFO] Updating
[15:32:04][INFO] Updating
[15:32:04][INFO] Updating
[15:32:04][INFO] Updating
[15:32:04][INFO] Updating
[15:32:04][INFO] Updating
[15:32:04][INFO] Updating
[15:32:04][INFO] Updating
[15:32:04][INFO] Updating
[15:32:04][INFO] Updating
[15:32:04][INFO] Updating
[15:32:04][INFO] Updating
[15:32:04][INFO] Updating
[15:32:04][INFO] Updating
[15:32:04][INFO] Updating
[15:32:04][INFO] Updating
[15:32:04][INFO] Updating
[15:32:04][INFO] Updating
[15:32:04][INFO] Updating
[15:32:04][INFO] Updating
[15:32:04][INFO] Updating
[15:32:04][INFO] Updating
[15:32:04][INFO] Updating
[15:32:04][INFO] Updating
[15:32:04][INFO] Updating
[15:32:04][INFO] Updating
[15:32:04][INFO] Updating
[15:32:04][INFO] Updating
[15:32:04][INFO] Updating
[15:32:04][INFO] Updating
[15:32:04][INFO] Updating
[15:32:04][INFO] Updating
[15:32:04][INFO] Updating
[15:32:04][INFO] Updating
[15:32:04][INFO] Updating
[15:32:04][INFO] Updating
[15:32:04][INFO] Updating
[15:32:04][INFO] Updating
[15:32:04][INFO] Updating
[15:32:04][INFO] Updating
[15:32:04][INFO] Updating
[15:32:04][INFO] Updating
[15:32:04][INFO] Updating
[15:32:04][INFO] Updating
[15:32:04][INFO] Updating
[15:32:04][INFO] Updating
[15:32:04][INFO] Updating
[15:32:04][INFO] Updating
[15:32:04][INFO] Updating
[15:32:04][INFO] Updating
[15:32:04][INFO] Updating
[15:32:04][INFO] Updating
[15:32:05][INFO] Updating
[15:32:05][INFO] Updating
[15:32:05][INFO] Updating
[15:32:05][INFO] Updating
[15:32:05][INFO] Updating
[15:32:05][INFO] Updating
[15:32:05][INFO] Updating
[15:32:05][INFO] Updating
[15:32:05][INFO] Updating
[15:32:05][INFO] Updating
[15:32:05][INFO] Updating
[15:32:05][INFO] Updating
[15:32:05][INFO] Updating
[15:32:05][INFO] Updating
[15:32:05][INFO] Updating
[15:32:05][INFO] Updating
[15:32:05][INFO] Updating
[15:32:05][INFO] Updating
[15:32:05][INFO] Updating
[15:32:05][INFO] Updating
[15:32:05][INFO] Updating
[15:32:05][INFO] Updating
[15:32:05][INFO] Updating
[15:32:05][INFO] Updating
[15:32:05][INFO] Updating
[15:32:05][INFO] Updating
[15:32:05][INFO] Updating
[15:32:05][INFO] Updating
[15:32:05][INFO] Updating
[15:32:05][INFO] Updating
[15:32:05][INFO] Updating
[15:32:05][INFO] Updating
[15:32:05][INFO] Updating
[15:32:05][INFO] Updating
[15:32:05][INFO] Updating
[15:32:05][INFO] Updating
[15:32:05][INFO] Updating
[15:32:05][INFO] Updating
[15:32:05][INFO] Updating
[15:32:05][INFO] Updating
[15:32:05][INFO] Updating
[15:32:05][INFO] Updating
[15:32:05][INFO] Updating
[15:32:05][INFO] Updating
[15:32:05][INFO] Updating
[15:32:05][INFO] Updating
[15:32:05][INFO] Updating
[15:32:05][INFO] Updating
[15:32:05][INFO] Updating
[15:32:05][INFO] Updating
[15:32:05][INFO] Updating
[15:32:05][INFO] Updating
[15:32:05][INFO] Updating
[15:32:05][INFO] Updating
[15:32:05][INFO] Updating
[15:32:05][INFO] Updating
[15:32:05][INFO] Updating
[15:32:05][INFO] Updating
[15:32:05][INFO] Updating
[15:32:05][INFO] Updating
[15:32:06][INFO] Updating
[15:32:06][INFO] Updating
[15:32:06][INFO] Updating
[15:32:06][INFO] Updating
[15:33:40][INFO] Lancement du serveur ...
[15:33:40][INFO] Initialization du serveur
[15:33:40][INFO] Serveur lancé
[15:33:40][INFO] Updating
[15:33:40][INFO] Updating
[15:33:40][INFO] Updating
[15:33:40][INFO] Updating
[15:33:40][INFO] Updating
[15:33:40][INFO] Updating
[15:33:40][INFO] Updating
[15:33:40][INFO] Updating
[15:33:40][INFO] Updating
[15:33:40][INFO] Updating
[15:33:40][INFO] Updating
[15:33:40][INFO] Updating
[15:33:40][INFO] Updating
[15:33:40][INFO] Updating
[15:33:40][INFO] Updating
[15:33:40][INFO] Updating
[15:33:40][INFO] Updating
[15:33:40][INFO] Updating
[15:33:40][INFO] Updating
[15:33:40][INFO] Updating
[15:33:40][INFO] Updating
[15:33:40][INFO] Updating
[15:33:40][INFO] Updating
[15:33:40][INFO] Updating
[15:33:40][INFO] Updating
[15:33:40][INFO] Updating
[15:33:40][INFO] Updating
[15:33:40][INFO] Updating
[15:33:40][INFO] Updating
[15:33:40][INFO] Updating
[15:33:40][INFO] Updating
[15:33:40][INFO] Updating
[15:33:40][INFO] Updating
[15:33:40][INFO] Updating
[15:33:40][INFO] Updating
[15:33:40][INFO] Updating
[15:33:40][INFO] Updating
[15:33:40][INFO] Updating
[15:33:40][INFO] Updating
[15:33:40][INFO] Updating
[15:33:40][INFO] Updating
[15:33:40][INFO] Updating
[15:33:40][INFO] Updating
[15:33:40][INFO] Updating
[15:33:40][INFO] Updating
[15:33:40][INFO] Updating
[15:33:40][INFO] Updating
[15:33:40][INFO] Updating
[15:33:40][INFO] Updating
[15:33:41][INFO] Updating
[15:33:41][INFO] Updating
[15:33:41][INFO] Updating
[15:33:41][INFO] Updating
[15:33:41][INFO] Updating
[15:33:41][INFO] Updating
[15:33:41][INFO] Updating
[15:33:41][INFO] Updating
[15:33:41][INFO] Updating
[15:33:41][INFO] Updating
[15:33:41][INFO] Updating
[15:33:41][INFO] Updating
[15:33:41][INFO] Updating
[15:33:41][INFO] Updating
[15:33:41][INFO] Updating
[15:33:41][INFO] Updating
[15:33:41][INFO] Updating
[15:33:41][INFO] Updating
[15:33:41][INFO] Updating
[15:33:41][INFO] Updating
[15:33:41][INFO] Updating
[15:33:41][INFO] Updating
[15:33:41][INFO] Updating
[15:33:41][INFO] Updating
[15:33:41][INFO] Updating
[15:33:41][INFO] Updating
[15:33:41][INFO] Updating
[15:33:41][INFO] Updating
[15:33:41][INFO] Updating
[15:33:41][INFO] Updating
[15:33:41][INFO] Updating
[15:33:41][INFO] Updating
[15:33:41][INFO] Updating
[15:33:41][INFO] Updating
[15:33:41][INFO] Updating
[15:33:41][INFO] Updating
[15:33:41][INFO] Updating
[15:33:41][INFO] Updating
[15:33:41][INFO] Updating
[15:33:41][INFO] Updating
[15:33:41][INFO] Updating
[15:33:41][INFO] Updating
[15:33:41][INFO] Updating
[15:33:41][INFO] Updating
[15:33:41][INFO] Updating
[15:33:41][INFO] Updating
[15:33:41][INFO] Updating
[15:33:41][INFO] Updating
[15:33:41][INFO] Updating
[15:33:41][INFO] Updating
[15:33:41][INFO] Updating
[15:33:41][INFO] Updating
[15:33:41][INFO] Updating
[15:33:41][INFO] Updating
[15:33:41][INFO] Updating
[15:33:41][INFO] Updating
[15:33:41][INFO] Updating
[15:33:41][INFO] Updating
[15:33:41][INFO] Updating
[15:33:41][INFO] Updating
[15:33:42][INFO] Updating
[15:33:42][INFO] Updating
[15:33:42][INFO] Updating
[15:33:42][INFO] Updating
[15:33:42][INFO] Updating
[15:33:42][INFO] Updating
[15:33:42][INFO] Updating
[15:33:42][INFO] Updating
[15:33:42][INFO] Updating
[15:33:42][INFO] Updating
[15:33:42][INFO] Updating
[15:33:42][INFO] Updating
[15:33:42][INFO] Updating
[15:33:42][INFO] Updating
[15:33:42][INFO] Updating
[15:33:42][INFO] Updating
[15:33:42][INFO] Updating
[15:33:42][INFO] Updating
[15:33:42][INFO] Updating
[15:33:42][INFO] Updating
[15:33:42][INFO] Updating
[15:33:42][INFO] Updating
[15:33:42][INFO] Updating
[15:33:42][INFO] Updating
[15:33:42][INFO] Updating
[15:33:42][INFO] Updating
[15:33:42][INFO] Updating
[15:33:42][INFO] Updating
[15:33:42][INFO] Updating
[15:33:42][INFO] Updating
[15:33:42][INFO] Updating
[15:33:42][INFO] Updating
[15:33:42][INFO] Updating
[15:33:42][INFO] Updating
[15:33:42][INFO] Updating
[15:33:42][INFO] Updating
[15:33:42][INFO] Updating
[15:33:42][INFO] Updating
[15:33:42][INFO] Updating
[15:33:42][INFO] Updating
[15:33:42][INFO] Updating
[15:33:42][INFO] Updating
[15:33:42][INFO] Updating
[15:33:42][INFO] Updating
[15:33:42][INFO] Updating
[15:33:42][INFO] Updating
[15:33:42][INFO] Updating
[15:33:42][INFO] Updating
[15:33:42][INFO] Updating
[15:33:42][INFO] Updating
[15:33:42][INFO] Updating
[15:33:42][INFO] Updating
[15:33:42][INFO] Updating
[15:33:42][INFO] Updating
[15:33:42][INFO] Updating
[15:33:42][INFO] Updating
[15:33:42][INFO] Updating
[15:33:42][INFO] Updating
[15:33:42][INFO] Updating
[15:33:42][INFO] Updating
[15:33:43][INFO] Updating
[15:33:43][INFO] Updating
[15:33:43][INFO] Updating
[15:33:43][INFO] Updating
[15:33:43][INFO] Updating
[15:33:43][INFO] Updating
[15:33:43][INFO] Updating
[15:33:43][INFO] Updating
[15:33:43][INFO] Updating
[15:33:43][INFO] Updating
[15:33:43][INFO] Updating
[15:33:43][INFO] Updating
[15:33:43][INFO] Updating
[15:33:43][INFO] Updating
[15:33:43][INFO] Updating
[15:33:43][INFO] Updating
[15:33:43][INFO] Updating
[15:33:43][INFO] Updating
[15:33:43][INFO] Updating
[15:33:43][INFO] Updating
[15:33:43][INFO] Updating
[15:33:43][INFO] Updating
[15:33:43][INFO] Updating
[15:33:43][INFO] Updating
[15:33:43][INFO] Updating
[15:33:43][INFO] Updating
[15:33:43][INFO] Updating
[15:33:43][INFO] Updating
[15:33:43][INFO] Updating
[15:33:43][INFO] Updating
[15:33:43][INFO] Updating
[15:33:43][INFO] Updating
[15:33:43][INFO] Updating
[15:33:43][INFO] Updating
[15:33:43][INFO] Updating
[15:33:43][INFO] Updating
[15:33:43][INFO] Updating
[15:42:28][INFO] Lancement du serveur ...
[15:42:28][INFO] Initialization du serveur
[15:42:28][INFO] Fini d'itérer
[15:42:28][INFO] Serveur lancé
[15:42:59][INFO] Lancement du serveur ...
[15:42:59][INFO] Initialization du serveur
[15:43:05][INFO] Lancement du serveur ...
[15:43:05][INFO] Initialization du serveur
[15:43:05][INFO] Fini d'itérer
[15:43:05][INFO] Serveur lancé
[15:43:05][INFO] Updating
[15:43:26][INFO] Fermeture du serveur
[15:43:44][INFO] Lancement du serveur ...
[15:43:44][INFO] Initialization du serveur
[15:43:44][INFO] Fini d'itérer
[15:43:44][INFO] Serveur lancé
[15:52:38][INFO] Fermeture du serveur
[15:52:39][INFO] Lancement du serveur ...
[15:52:39][INFO] Initialization du serveur
[15:52:39][INFO] Fini d'itérer
[15:52:39][INFO] Serveur lancé
[15:53:50][INFO] Fermeture du serveur
[15:53:51][INFO] Lancement du serveur ...
[15:53:51][INFO] Initialization du serveur
[15:53:51][INFO] Fini d'itérer
[15:53:51][INFO] Serveur lancé
[15:53:51][INFO] Updating
[15:53:51][INFO] Updating
[15:53:51][INFO] Updating
[15:53:51][INFO] Updating
[15:53:51][INFO] Updating
[15:53:51][INFO] Updating
[15:53:51][INFO] Updating
[15:53:51][INFO] Updating
[15:53:51][INFO] Updating
[15:53:51][INFO] Updating
[15:53:51][INFO] Updating
[15:53:51][INFO] Updating
[15:53:51][INFO] Updating
[15:53:51][INFO] Updating
[15:53:51][INFO] Updating
[15:53:51][INFO] Updating
[15:53:51][INFO] Updating
[15:53:51][INFO] Updating
[15:53:51][INFO] Updating
[15:53:51][INFO] Updating
[15:53:51][INFO] Updating
[15:53:51][INFO] Updating
[15:53:51][INFO] Updating
[15:53:51][INFO] Updating
[15:53:51][INFO] Updating
[15:53:51][INFO] Updating
[15:53:51][INFO] Updating
[15:53:51][INFO] Updating
[15:53:51][INFO] Updating
[15:53:51][INFO] Updating
[15:53:51][INFO] Updating
[15:53:51][INFO] Updating
[15:53:51][INFO] Updating
[15:53:51][INFO] Updating
[15:53:51][INFO] Updating
[15:53:51][INFO] Updating
[15:53:51][INFO] Updating
[15:53:51][INFO] Updating
[15:53:51][INFO] Updating
[15:53:51][INFO] Updating
[15:53:51][INFO] Updating
[15:53:51][INFO] Updating
[15:53:51][INFO] Updating
[15:53:51][INFO] Updating
[15:53:51][INFO] Updating
[15:53:51][INFO] Updating
[15:53:51][INFO] Updating
[15:53:51][INFO] Updating
[15:53:52][INFO] Updating
[15:53:52][INFO] Updating
[15:53:52][INFO] Updating
[15:53:52][INFO] Updating
[15:53:52][INFO] Updating
[15:53:52][INFO] Updating
[15:53:52][INFO] Updating
[15:53:52][INFO] Updating
[15:53:52][INFO] Fermeture du serveur
[15:54:30][INFO] Lancement du serveur ...
[15:54:30][INFO] Initialization du serveur
[15:54:30][INFO] Fini d'itérer
[15:54:30][INFO] Serveur lancé
[15:54:31][INFO] Updating
[15:54:32][INFO] Updating
[15:54:33][INFO] Updating
[15:54:34][INFO] Updating
[15:54:35][INFO] Updating
[15:54:36][INFO] Updating
[15:54:37][INFO] Updating
[15:54:38][INFO] Fermeture du serveur
